<?xml version="1.0" encoding="UTF-8"?>
<testsuite xmlns:xsi="http://www.w3.org/2001/XMLSchema-instance" xsi:noNamespaceSchemaLocation="https://maven.apache.org/surefire/maven-surefire-plugin/xsd/surefire-test-report.xsd" version="3.0.2" name="edu.qs.MovieCrudAppApplicationTests" time="10.836" tests="1" errors="0" skipped="0" failures="0">
  <properties>
[...]
</properties>
  <testcase name="contextLoads" classname="edu.qs.MovieCrudAppApplicationTests" time="2.457">
    <system-out><![CDATA[10:47:18.189 [main] INFO org.springframework.test.context.support.AnnotationConfigContextLoaderUtils -- Could not detect default configuration classes for test class [edu.qs.MovieCrudAppApplicationTests]: MovieCrudAppApplicationTests does not declare any static, non-private, non-final, nested classes annotated with @Configuration.
10:47:18.685 [main] INFO org.springframework.boot.test.context.SpringBootTestContextBootstrapper -- Found @SpringBootConfiguration edu.qs.MovieCrudAppApplication for test class edu.qs.MovieCrudAppApplicationTests
10:47:19.573 [main] INFO org.springframework.boot.devtools.restart.RestartApplicationListener -- Restart disabled due to context in which it is running

  .   ____          _            __ _ _
 /\\ / ___'_ __ _ _(_)_ __  __ _ \ \ \ \
( ( )\___ | '_ | '_| | '_ \/ _` | \ \ \ \
 \\/  ___)| |_)| | | | | || (_| |  ) ) ) )
  '  |____| .__|_| |_|_| |_\__, | / / / /
 =========|_|==============|___/=/_/_/_/

 :: Spring Boot ::                (v4.0.2)

2026-02-03T10:47:20.596+05:30  INFO 7908 --- [movie_crud_app] [           main] edu.qs.MovieCrudAppApplicationTests      : Starting MovieCrudAppApplicationTests using Java 21.0.8 with PID 7908 (started by Neha in C:\Users\Neha\OneDrive\Desktop\Advance java\SpringBoot\movie_crud_app\movie_crud_app)
2026-02-03T10:47:20.610+05:30  INFO 7908 --- [movie_crud_app] [           main] edu.qs.MovieCrudAppApplicationTests      : No active profile set, falling back to 1 default profile: "default"
2026-02-03T10:47:25.620+05:30  INFO 7908 --- [movie_crud_app] [           main] edu.qs.MovieCrudAppApplicationTests      : Started MovieCrudAppApplicationTests in 6.11 seconds (process running for 11.635)
]]></system-out>
    <system-err><![CDATA[Mockito is currently self-attaching to enable the inline-mock-maker. This will no longer work in future releases of the JDK. Please add Mockito as an agent to your build as described in Mockito's documentation: https://javadoc.io/doc/org.mockito/mockito-core/latest/org.mockito/org/mockito/Mockito.html#0.3
WARNING: A Java agent has been loaded dynamically (C:\Users\Neha\.m2\repository\net\bytebuddy\byte-buddy-agent\1.17.8\byte-buddy-agent-1.17.8.jar)
WARNING: If a serviceability tool is in use, please run with -XX:+EnableDynamicAgentLoading to hide this warning
WARNING: If a serviceability tool is not in use, please run with -Djdk.instrument.traceUsage for more information
WARNING: Dynamic loading of agents will be disallowed by default in a future release
]]></system-err>
  </testcase>
</testsuite>